\BOOKMARK [0][-]{chapter.1}{\376\377\000O\000p\000e\000n\000\040\000S\000o\000u\000r\000c\000e\000\040\000C\000o\000m\000m\000u\000n\000i\000t\000y\000\040\000\040\000J\000o\000i\000n\000i\000n\000g\000\040\000\046\000\040\000M\000a\000n\000a\000g\000e\000m\000e\000n\000t}{}% 1
\BOOKMARK [1][-]{section.1.1}{\376\377\000I\000n\000t\000r\000o\000d\000u\000c\000t\000i\000o\000n}{chapter.1}% 2
\BOOKMARK [2][-]{section*.6}{\376\377\000D\000i\000s\000c\000o\000v\000e\000r\000i\000n\000g\000\040\000a\000\040\000G\000r\000o\000u\000p\000\040\000t\000o\000\040\000J\000o\000i\000n}{section.1.1}% 3
\BOOKMARK [1][-]{section.1.2}{\376\377\000B\000a\000c\000k\000g\000r\000o\000u\000n\000d}{chapter.1}% 4
\BOOKMARK [1][-]{section.1.3}{\376\377\000C\000o\000n\000t\000e\000x\000t}{chapter.1}% 5
\BOOKMARK [2][-]{subsection.1.3.1}{\376\377\000E\000d\000u\000c\000a\000t\000i\000o\000n\000\040\000\046\000\040\000O\000p\000e\000n\000\040\000C\000o\000l\000l\000a\000b\000o\000r\000a\000t\000i\000o\000n}{section.1.3}% 6
\BOOKMARK [2][-]{subsection.1.3.2}{\376\377\000O\000p\000e\000n\000\040\000C\000o\000l\000l\000a\000b\000o\000r\000a\000t\000i\000o\000n\000\040\000i\000n\000\040\000t\000h\000e\000\040\000C\000l\000a\000s\000s\000r\000o\000o\000m}{section.1.3}% 7
\BOOKMARK [3][-]{section*.9}{\376\377\000O\000t\000h\000e\000r\000\040\000P\000a\000t\000t\000e\000r\000n\000s\000\040\000o\000f\000\040\000S\000e\000l\000f\000-\000O\000r\000g\000a\000n\000i\000z\000a\000t\000i\000o\000n}{subsection.1.3.2}% 8
\BOOKMARK [1][-]{section.1.4}{\376\377\000D\000a\000t\000a\000\040\000a\000n\000d\000\040\000M\000e\000t\000h\000o\000d\000s}{chapter.1}% 9
\BOOKMARK [2][-]{subsection.1.4.1}{\376\377\000Q\000u\000a\000l\000i\000t\000a\000t\000i\000v\000e\000\040\000R\000e\000p\000o\000r\000t\000i\000n\000g}{section.1.4}% 10
\BOOKMARK [2][-]{subsection.1.4.2}{\376\377\000S\000u\000r\000v\000e\000y}{section.1.4}% 11
\BOOKMARK [3][-]{section*.10}{\376\377\000S\000u\000r\000v\000e\000y\000\040\000D\000e\000s\000i\000g\000n}{subsection.1.4.2}% 12
\BOOKMARK [2][-]{subsection.1.4.3}{\376\377\000M\000e\000t\000h\000o\000d\000s}{section.1.4}% 13
\BOOKMARK [3][-]{section*.11}{\376\377\000Q\000u\000a\000n\000t\000i\000t\000a\000t\000i\000v\000e\000\040\000d\000a\000t\000a}{subsection.1.4.3}% 14
\BOOKMARK [3][-]{section*.13}{\376\377\000Q\000u\000a\000l\000i\000t\000a\000t\000i\000v\000e\000\040\000d\000a\000t\000a}{subsection.1.4.3}% 15
\BOOKMARK [1][-]{section.1.5}{\376\377\000R\000e\000s\000u\000l\000t\000s}{chapter.1}% 16
\BOOKMARK [2][-]{subsection.1.5.1}{\376\377\000M\000o\000t\000i\000v\000a\000t\000i\000o\000n\000s\000\040\000f\000o\000r\000\040\000J\000o\000i\000n\000i\000n\000g\000\040\000\046\000\040\000C\000o\000n\000t\000r\000i\000b\000u\000t\000i\000o\000n\000s}{section.1.5}% 17
\BOOKMARK [3][-]{section*.14}{\376\377\000T\000h\000e\000\040\000D\000i\000f\000f\000e\000r\000e\000n\000c\000e\000\040\000b\000e\000t\000w\000e\000e\000n\000\040\000E\000x\000p\000e\000r\000i\000e\000n\000c\000e\000d\000\040\000a\000n\000d\000\040\000N\000e\000w\000c\000o\000m\000e\000r\000s\000\040\000i\000n\000\040\000O\000p\000e\000n\000\040\000S\000o\000u\000r\000c\000e}{subsection.1.5.1}% 18
\BOOKMARK [3][-]{section*.15}{\376\377\000E\000x\000p\000l\000o\000r\000i\000n\000g\000\040\000A\000l\000t\000e\000r\000n\000a\000t\000i\000v\000e\000\040\000P\000r\000o\000j\000e\000c\000t\000s\000\040\000t\000o\000\040\000J\000o\000i\000n}{subsection.1.5.1}% 19
\BOOKMARK [3][-]{section*.16}{\376\377\000T\000r\000u\000e\000\040\000M\000o\000t\000i\000v\000a\000t\000i\000o\000n\000s\000\040\000f\000o\000r\000\040\000O\000p\000e\000n\000\040\000S\000o\000u\000r\000c\000e\000\040\000C\000o\000n\000t\000r\000i\000b\000u\000t\000i\000o\000n}{subsection.1.5.1}% 20
\BOOKMARK [3][-]{section*.17}{\376\377\000T\000h\000e\000\040\000R\000e\000a\000s\000o\000n\000s\000\040\000f\000o\000r\000\040\000P\000r\000o\000j\000e\000c\000t\000\040\000C\000h\000o\000i\000c\000e}{subsection.1.5.1}% 21
\BOOKMARK [3][-]{section*.18}{\376\377\000T\000i\000m\000e\000d\000\040\000C\000o\000m\000m\000i\000t\000m\000e\000n\000t}{subsection.1.5.1}% 22
\BOOKMARK [3][-]{section*.19}{\376\377\000R\000o\000l\000e\000s\000\040\000i\000n\000\040\000t\000h\000e\000\040\000C\000o\000m\000m\000u\000n\000i\000t\000y}{subsection.1.5.1}% 23
\BOOKMARK [2][-]{subsection.1.5.2}{\376\377\000C\000a\000s\000e\000\040\000S\000t\000u\000d\000y\000:\000\040\000E\000x\000p\000e\000r\000i\000e\000n\000c\000e\000s\000\040\000a\000s\000\040\000a\000\040\000n\000o\000n\000-\000t\000e\000c\000h\000n\000i\000c\000a\000l\000\040\000c\000o\000n\000t\000r\000i\000b\000u\000t\000o\000r\000\040\000o\000n\000\040\000a\000\040\000t\000e\000c\000h\000n\000i\000c\000a\000l\000\040\000o\000p\000e\000n\000\040\000s\000o\000u\000r\000c\000e\000\040\000p\000r\000o\000j\000e\000c\000t}{section.1.5}% 24
\BOOKMARK [2][-]{subsection.1.5.3}{\376\377\000J\000o\000i\000n\000i\000n\000g\000\040\000a\000n\000\040\000O\000p\000e\000n\000\040\000S\000o\000u\000r\000c\000e\000\040\000P\000r\000o\000j\000e\000c\000t}{section.1.5}% 25
\BOOKMARK [3][-]{section*.20}{\376\377\000T\000h\000e\000\040\000j\000o\000i\000n\000i\000n\000g\000\040\000p\000r\000o\000c\000e\000s\000s}{subsection.1.5.3}% 26
\BOOKMARK [3][-]{section*.21}{\376\377\000L\000u\000r\000k\000i\000n\000g\000\040\000B\000e\000h\000a\000v\000i\000o\000r\000s\000\040\000a\000n\000d\000\040\000I\000n\000i\000t\000i\000a\000l\000\040\000C\000o\000n\000t\000a\000c\000t}{subsection.1.5.3}% 27
\BOOKMARK [3][-]{section*.22}{\376\377\000T\000h\000e\000\040\000I\000m\000p\000o\000r\000t\000a\000n\000c\000e\000\040\000o\000f\000\040\000P\000e\000r\000s\000o\000n\000a\000l\000\040\000T\000o\000u\000c\000h}{subsection.1.5.3}% 28
\BOOKMARK [3][-]{section*.23}{\376\377\000O\000p\000e\000n\000n\000e\000s\000s\000\040\000a\000n\000d\000\040\000R\000e\000s\000p\000o\000n\000s\000i\000v\000e\000n\000e\000s\000s}{subsection.1.5.3}% 29
\BOOKMARK [3][-]{section*.24}{\376\377\000F\000i\000r\000s\000t\000\040\000c\000o\000n\000t\000r\000i\000b\000u\000t\000i\000o\000n}{subsection.1.5.3}% 30
\BOOKMARK [3][-]{section*.25}{\376\377\000O\000n\000b\000o\000a\000r\000d\000i\000n\000g\000\040\000P\000r\000o\000b\000l\000e\000m\000s}{subsection.1.5.3}% 31
\BOOKMARK [2][-]{subsection.1.5.4}{\376\377\000C\000a\000s\000e\000\040\000S\000t\000u\000d\000y\000\040\040\023\000\040\000C\000o\000n\000t\000r\000i\000b\000u\000t\000i\000n\000g\000\040\000t\000o\000\040\000C\000i\000t\000i\000z\000e\000n\000\040\000S\000c\000i\000e\000n\000c\000e}{section.1.5}% 32
\BOOKMARK [3][-]{section*.26}{\376\377\000F\000A\000Q\000s\000\040\000a\000n\000d\000\040\000O\000n\000b\000o\000a\000r\000d\000i\000n\000g\000\040\000D\000o\000c\000u\000m\000e\000n\000t\000a\000t\000i\000o\000n}{subsection.1.5.4}% 33
\BOOKMARK [2][-]{subsection.1.5.5}{\376\377\000C\000o\000m\000m\000u\000n\000i\000t\000y\000\040\000D\000e\000m\000o\000g\000r\000a\000p\000h\000i\000c\000s\000\040\000\046\000\040\000P\000r\000o\000j\000e\000c\000t\000\040\000H\000i\000s\000t\000o\000r\000y}{section.1.5}% 34
\BOOKMARK [3][-]{section*.29}{\376\377\000Q\000u\000e\000s\000t\000i\000o\000n\000\040\000a\000b\000o\000u\000t\000\040\000P\000r\000o\000j\000e\000c\000t\000\040\000F\000o\000u\000n\000d\000i\000n\000g\000\040\000D\000a\000t\000e}{subsection.1.5.5}% 35
\BOOKMARK [3][-]{section*.30}{\376\377\000D\000i\000v\000e\000r\000s\000i\000t\000y\000\040\000Q\000u\000e\000s\000t\000i\000o\000n\000s}{subsection.1.5.5}% 36
\BOOKMARK [2][-]{subsection.1.5.6}{\376\377\000C\000o\000m\000m\000u\000n\000i\000c\000a\000t\000i\000o\000n\000\040\000\046\000\040\000T\000o\000o\000l\000s}{section.1.5}% 37
\BOOKMARK [3][-]{section*.31}{\376\377\000P\000e\000r\000s\000o\000n\000a\000l\000\040\000C\000o\000n\000n\000e\000c\000t\000i\000o\000n\000s}{subsection.1.5.6}% 38
\BOOKMARK [2][-]{subsection.1.5.7}{\376\377\000O\000r\000g\000a\000n\000i\000z\000a\000t\000i\000o\000n\000\040\000a\000n\000d\000\040\000G\000o\000v\000e\000r\000n\000a\000n\000c\000e}{section.1.5}% 39
\BOOKMARK [3][-]{section*.32}{\376\377\000O\000r\000g\000a\000n\000i\000z\000a\000t\000i\000o\000n\000s}{subsection.1.5.7}% 40
\BOOKMARK [3][-]{section*.33}{\376\377\000V\000i\000s\000i\000b\000i\000l\000i\000t\000y\000\040\000o\000f\000\040\000W\000o\000r\000k\000\040\000i\000n\000\040\000O\000p\000e\000n\000\040\000O\000r\000g\000a\000n\000i\000z\000a\000t\000i\000o\000n\000s}{subsection.1.5.7}% 41
\BOOKMARK [3][-]{section*.34}{\376\377\000R\000e\000g\000u\000l\000a\000r\000\040\000C\000o\000m\000m\000u\000n\000i\000t\000y\000\040\000M\000e\000e\000t\000i\000n\000g\000s}{subsection.1.5.7}% 42
\BOOKMARK [3][-]{section*.35}{\376\377\000P\000r\000e\000v\000a\000l\000e\000n\000c\000e\000\040\000o\000f\000\040\000t\000h\000e\000\040\000B\000e\000n\000e\000v\000o\000l\000e\000n\000t\000\040\000D\000i\000c\000t\000a\000t\000o\000r\000s\000h\000i\000p\000\040\000G\000o\000v\000e\000r\000n\000a\000n\000c\000e\000\040\000M\000o\000d\000e\000l}{subsection.1.5.7}% 43
\BOOKMARK [3][-]{section*.36}{\376\377\000L\000i\000c\000e\000n\000s\000e\000s}{subsection.1.5.7}% 44
\BOOKMARK [2][-]{subsection.1.5.8}{\376\377\000F\000u\000n\000d\000i\000n\000g\000\040\000S\000o\000u\000r\000c\000e\000s\000,\000\040\000B\000u\000s\000i\000n\000e\000s\000s\000\040\000M\000o\000d\000e\000l\000s\000\040\000\046\000\040\000R\000e\000v\000e\000n\000u\000e\000\040\000S\000t\000r\000e\000a\000m\000s}{section.1.5}% 45
\BOOKMARK [3][-]{section*.37}{\376\377\000E\000f\000f\000e\000c\000t\000\040\000o\000n\000\040\000L\000i\000c\000e\000n\000s\000e\000\040\000c\000h\000o\000i\000c\000e}{subsection.1.5.8}% 46
\BOOKMARK [3][-]{section*.38}{\376\377\000R\000e\000s\000p\000o\000n\000s\000e\000\040\000T\000o\000n\000e\000\040\000a\000n\000d\000\040\000F\000u\000n\000d\000i\000n\000g\000\040\000S\000o\000u\000r\000c\000e}{subsection.1.5.8}% 47
\BOOKMARK [3][-]{section*.39}{\376\377\000C\000i\000t\000i\000z\000e\000n\000\040\000S\000c\000i\000e\000n\000c\000e\000\040\000F\000u\000n\000d\000i\000n\000g}{subsection.1.5.8}% 48
\BOOKMARK [3][-]{section*.40}{\376\377\000I\000n\000d\000i\000v\000i\000d\000u\000a\000l\000\040\000f\000u\000n\000d\000i\000n\000g}{subsection.1.5.8}% 49
\BOOKMARK [1][-]{section.1.6}{\376\377\000D\000i\000s\000c\000u\000s\000s\000i\000o\000n}{chapter.1}% 50
\BOOKMARK [2][-]{subsection.1.6.1}{\376\377\000L\000i\000m\000i\000t\000a\000t\000i\000o\000n\000s}{section.1.6}% 51
\BOOKMARK [2][-]{subsection.1.6.2}{\376\377\000C\000o\000l\000l\000a\000b\000o\000r\000a\000t\000i\000v\000e\000l\000y\000\040\000w\000r\000i\000t\000i\000n\000g\000\040\000a\000\040\000p\000a\000p\000e\000r}{section.1.6}% 52
\BOOKMARK [2][-]{subsection.1.6.3}{\376\377\000T\000h\000e\000\040\000l\000a\000c\000k\000\040\000o\000f\000\040\000s\000t\000r\000u\000c\000t\000u\000r\000e}{section.1.6}% 53
\BOOKMARK [3][-]{section*.41}{\376\377\000D\000i\000s\000c\000u\000s\000s\000i\000o\000n\000\040\000o\000n\000\040\000P\000r\000o\000c\000e\000s\000s}{subsection.1.6.3}% 54
\BOOKMARK [1][-]{section.1.7}{\376\377\000C\000o\000n\000c\000l\000u\000s\000i\000o\000n}{chapter.1}% 55
\BOOKMARK [1][-]{section.A.1}{\376\377\000T\000h\000e\000\040\000s\000u\000r\000v\000e\000y\000\040\000f\000o\000r\000m}{chapter.1}% 56
\BOOKMARK [1][-]{section.A.2}{\376\377\000S\000y\000l\000l\000a\000b\000u\000s}{chapter.1}% 57
